  SetPlot.cpp
C:\Users\siyur\source\repos\Cpp-HWR\SetPlot.cpp(38,44): warning C4244: "Argument": Konvertierung von "int" in "float", möglicher Datenverlust
C:\Users\siyur\source\repos\Cpp-HWR\SetPlot.cpp(41,40): warning C4244: "Argument": Konvertierung von "int" in "float", möglicher Datenverlust
C:\Users\siyur\source\repos\Cpp-HWR\SetPlot.cpp(56,68): warning C4244: "Argument": Konvertierung von "int" in "float", möglicher Datenverlust
C:\Users\siyur\source\repos\Cpp-HWR\SetPlot.cpp(56,48): warning C4244: "Argument": Konvertierung von "int" in "float", möglicher Datenverlust
sfml-graphics-s-d.lib(Transformable.cpp.obj) : warning LNK4099: PDB "" wurde nicht mit "sfml-graphics-s-d.lib(Transformable.cpp.obj)" oder an "" gefunden; Objekt wird verknüpft, als ob keine Debuginformationen vorhanden wären.
sfml-graphics-s-d.lib(Shape.cpp.obj) : warning LNK4099: PDB "" wurde nicht mit "sfml-graphics-s-d.lib(Shape.cpp.obj)" oder an "" gefunden; Objekt wird verknüpft, als ob keine Debuginformationen vorhanden wären.
sfml-graphics-s-d.lib(Font.cpp.obj) : warning LNK4099: PDB "" wurde nicht mit "sfml-graphics-s-d.lib(Font.cpp.obj)" oder an "" gefunden; Objekt wird verknüpft, als ob keine Debuginformationen vorhanden wären.
sfml-graphics-s-d.lib(RectangleShape.cpp.obj) : warning LNK4099: PDB "" wurde nicht mit "sfml-graphics-s-d.lib(RectangleShape.cpp.obj)" oder an "" gefunden; Objekt wird verknüpft, als ob keine Debuginformationen vorhanden wären.
sfml-graphics-s-d.lib(RenderTarget.cpp.obj) : warning LNK4099: PDB "" wurde nicht mit "sfml-graphics-s-d.lib(RenderTarget.cpp.obj)" oder an "" gefunden; Objekt wird verknüpft, als ob keine Debuginformationen vorhanden wären.
sfml-graphics-s-d.lib(RenderWindow.cpp.obj) : warning LNK4099: PDB "" wurde nicht mit "sfml-graphics-s-d.lib(RenderWindow.cpp.obj)" oder an "" gefunden; Objekt wird verknüpft, als ob keine Debuginformationen vorhanden wären.
sfml-graphics-s-d.lib(Text.cpp.obj) : warning LNK4099: PDB "" wurde nicht mit "sfml-graphics-s-d.lib(Text.cpp.obj)" oder an "" gefunden; Objekt wird verknüpft, als ob keine Debuginformationen vorhanden wären.
sfml-graphics-s-d.lib(RenderStates.cpp.obj) : warning LNK4099: PDB "" wurde nicht mit "sfml-graphics-s-d.lib(RenderStates.cpp.obj)" oder an "" gefunden; Objekt wird verknüpft, als ob keine Debuginformationen vorhanden wären.
sfml-graphics-s-d.lib(Color.cpp.obj) : warning LNK4099: PDB "" wurde nicht mit "sfml-graphics-s-d.lib(Color.cpp.obj)" oder an "" gefunden; Objekt wird verknüpft, als ob keine Debuginformationen vorhanden wären.
sfml-graphics-s-d.lib(Transform.cpp.obj) : warning LNK4099: PDB "" wurde nicht mit "sfml-graphics-s-d.lib(Transform.cpp.obj)" oder an "" gefunden; Objekt wird verknüpft, als ob keine Debuginformationen vorhanden wären.
sfml-graphics-s-d.lib(VertexArray.cpp.obj) : warning LNK4099: PDB "" wurde nicht mit "sfml-graphics-s-d.lib(VertexArray.cpp.obj)" oder an "" gefunden; Objekt wird verknüpft, als ob keine Debuginformationen vorhanden wären.
sfml-graphics-s-d.lib(Texture.cpp.obj) : warning LNK4099: PDB "" wurde nicht mit "sfml-graphics-s-d.lib(Texture.cpp.obj)" oder an "" gefunden; Objekt wird verknüpft, als ob keine Debuginformationen vorhanden wären.
sfml-graphics-s-d.lib(Image.cpp.obj) : warning LNK4099: PDB "" wurde nicht mit "sfml-graphics-s-d.lib(Image.cpp.obj)" oder an "" gefunden; Objekt wird verknüpft, als ob keine Debuginformationen vorhanden wären.
sfml-graphics-s-d.lib(View.cpp.obj) : warning LNK4099: PDB "" wurde nicht mit "sfml-graphics-s-d.lib(View.cpp.obj)" oder an "" gefunden; Objekt wird verknüpft, als ob keine Debuginformationen vorhanden wären.
sfml-graphics-s-d.lib(BlendMode.cpp.obj) : warning LNK4099: PDB "" wurde nicht mit "sfml-graphics-s-d.lib(BlendMode.cpp.obj)" oder an "" gefunden; Objekt wird verknüpft, als ob keine Debuginformationen vorhanden wären.
sfml-graphics-s-d.lib(Vertex.cpp.obj) : warning LNK4099: PDB "" wurde nicht mit "sfml-graphics-s-d.lib(Vertex.cpp.obj)" oder an "" gefunden; Objekt wird verknüpft, als ob keine Debuginformationen vorhanden wären.
sfml-graphics-s-d.lib(Shader.cpp.obj) : warning LNK4099: PDB "" wurde nicht mit "sfml-graphics-s-d.lib(Shader.cpp.obj)" oder an "" gefunden; Objekt wird verknüpft, als ob keine Debuginformationen vorhanden wären.
sfml-graphics-s-d.lib(VertexBuffer.cpp.obj) : warning LNK4099: PDB "" wurde nicht mit "sfml-graphics-s-d.lib(VertexBuffer.cpp.obj)" oder an "" gefunden; Objekt wird verknüpft, als ob keine Debuginformationen vorhanden wären.
sfml-graphics-s-d.lib(GLExtensions.cpp.obj) : warning LNK4099: PDB "" wurde nicht mit "sfml-graphics-s-d.lib(GLExtensions.cpp.obj)" oder an "" gefunden; Objekt wird verknüpft, als ob keine Debuginformationen vorhanden wären.
sfml-graphics-s-d.lib(GLCheck.cpp.obj) : warning LNK4099: PDB "" wurde nicht mit "sfml-graphics-s-d.lib(GLCheck.cpp.obj)" oder an "" gefunden; Objekt wird verknüpft, als ob keine Debuginformationen vorhanden wären.
sfml-graphics-s-d.lib(GLLoader.cpp.obj) : warning LNK4099: PDB "" wurde nicht mit "sfml-graphics-s-d.lib(GLLoader.cpp.obj)" oder an "" gefunden; Objekt wird verknüpft, als ob keine Debuginformationen vorhanden wären.
sfml-graphics-s-d.lib(RenderTextureImplFBO.cpp.obj) : warning LNK4099: PDB "" wurde nicht mit "sfml-graphics-s-d.lib(RenderTextureImplFBO.cpp.obj)" oder an "" gefunden; Objekt wird verknüpft, als ob keine Debuginformationen vorhanden wären.
sfml-graphics-s-d.lib(TextureSaver.cpp.obj) : warning LNK4099: PDB "" wurde nicht mit "sfml-graphics-s-d.lib(TextureSaver.cpp.obj)" oder an "" gefunden; Objekt wird verknüpft, als ob keine Debuginformationen vorhanden wären.
sfml-graphics-s-d.lib(ImageLoader.cpp.obj) : warning LNK4099: PDB "" wurde nicht mit "sfml-graphics-s-d.lib(ImageLoader.cpp.obj)" oder an "" gefunden; Objekt wird verknüpft, als ob keine Debuginformationen vorhanden wären.
sfml-graphics-s-d.lib(Glsl.cpp.obj) : warning LNK4099: PDB "" wurde nicht mit "sfml-graphics-s-d.lib(Glsl.cpp.obj)" oder an "" gefunden; Objekt wird verknüpft, als ob keine Debuginformationen vorhanden wären.
sfml-graphics-s-d.lib(RenderTextureImpl.cpp.obj) : warning LNK4099: PDB "" wurde nicht mit "sfml-graphics-s-d.lib(RenderTextureImpl.cpp.obj)" oder an "" gefunden; Objekt wird verknüpft, als ob keine Debuginformationen vorhanden wären.
sfml-window-s-d.lib(VideoMode.cpp.obj) : warning LNK4099: PDB "" wurde nicht mit "sfml-window-s-d.lib(VideoMode.cpp.obj)" oder an "" gefunden; Objekt wird verknüpft, als ob keine Debuginformationen vorhanden wären.
sfml-window-s-d.lib(Window.cpp.obj) : warning LNK4099: PDB "" wurde nicht mit "sfml-window-s-d.lib(Window.cpp.obj)" oder an "" gefunden; Objekt wird verknüpft, als ob keine Debuginformationen vorhanden wären.
sfml-window-s-d.lib(Context.cpp.obj) : warning LNK4099: PDB "" wurde nicht mit "sfml-window-s-d.lib(Context.cpp.obj)" oder an "" gefunden; Objekt wird verknüpft, als ob keine Debuginformationen vorhanden wären.
sfml-window-s-d.lib(GlResource.cpp.obj) : warning LNK4099: PDB "" wurde nicht mit "sfml-window-s-d.lib(GlResource.cpp.obj)" oder an "" gefunden; Objekt wird verknüpft, als ob keine Debuginformationen vorhanden wären.
sfml-window-s-d.lib(VideoModeImpl.cpp.obj) : warning LNK4099: PDB "" wurde nicht mit "sfml-window-s-d.lib(VideoModeImpl.cpp.obj)" oder an "" gefunden; Objekt wird verknüpft, als ob keine Debuginformationen vorhanden wären.
sfml-window-s-d.lib(Cursor.cpp.obj) : warning LNK4099: PDB "" wurde nicht mit "sfml-window-s-d.lib(Cursor.cpp.obj)" oder an "" gefunden; Objekt wird verknüpft, als ob keine Debuginformationen vorhanden wären.
sfml-window-s-d.lib(GlContext.cpp.obj) : warning LNK4099: PDB "" wurde nicht mit "sfml-window-s-d.lib(GlContext.cpp.obj)" oder an "" gefunden; Objekt wird verknüpft, als ob keine Debuginformationen vorhanden wären.
sfml-window-s-d.lib(WindowImpl.cpp.obj) : warning LNK4099: PDB "" wurde nicht mit "sfml-window-s-d.lib(WindowImpl.cpp.obj)" oder an "" gefunden; Objekt wird verknüpft, als ob keine Debuginformationen vorhanden wären.
sfml-window-s-d.lib(CursorImpl.cpp.obj) : warning LNK4099: PDB "" wurde nicht mit "sfml-window-s-d.lib(CursorImpl.cpp.obj)" oder an "" gefunden; Objekt wird verknüpft, als ob keine Debuginformationen vorhanden wären.
sfml-window-s-d.lib(WglContext.cpp.obj) : warning LNK4099: PDB "" wurde nicht mit "sfml-window-s-d.lib(WglContext.cpp.obj)" oder an "" gefunden; Objekt wird verknüpft, als ob keine Debuginformationen vorhanden wären.
sfml-window-s-d.lib(JoystickManager.cpp.obj) : warning LNK4099: PDB "" wurde nicht mit "sfml-window-s-d.lib(JoystickManager.cpp.obj)" oder an "" gefunden; Objekt wird verknüpft, als ob keine Debuginformationen vorhanden wären.
sfml-window-s-d.lib(SensorManager.cpp.obj) : warning LNK4099: PDB "" wurde nicht mit "sfml-window-s-d.lib(SensorManager.cpp.obj)" oder an "" gefunden; Objekt wird verknüpft, als ob keine Debuginformationen vorhanden wären.
sfml-window-s-d.lib(WindowImplWin32.cpp.obj) : warning LNK4099: PDB "" wurde nicht mit "sfml-window-s-d.lib(WindowImplWin32.cpp.obj)" oder an "" gefunden; Objekt wird verknüpft, als ob keine Debuginformationen vorhanden wären.
sfml-window-s-d.lib(WglExtensions.cpp.obj) : warning LNK4099: PDB "" wurde nicht mit "sfml-window-s-d.lib(WglExtensions.cpp.obj)" oder an "" gefunden; Objekt wird verknüpft, als ob keine Debuginformationen vorhanden wären.
sfml-window-s-d.lib(Joystick.cpp.obj) : warning LNK4099: PDB "" wurde nicht mit "sfml-window-s-d.lib(Joystick.cpp.obj)" oder an "" gefunden; Objekt wird verknüpft, als ob keine Debuginformationen vorhanden wären.
sfml-window-s-d.lib(JoystickImpl.cpp.obj) : warning LNK4099: PDB "" wurde nicht mit "sfml-window-s-d.lib(JoystickImpl.cpp.obj)" oder an "" gefunden; Objekt wird verknüpft, als ob keine Debuginformationen vorhanden wären.
sfml-window-s-d.lib(SensorImpl.cpp.obj) : warning LNK4099: PDB "" wurde nicht mit "sfml-window-s-d.lib(SensorImpl.cpp.obj)" oder an "" gefunden; Objekt wird verknüpft, als ob keine Debuginformationen vorhanden wären.
sfml-system-s-d.lib(String.cpp.obj) : warning LNK4099: PDB "" wurde nicht mit "sfml-system-s-d.lib(String.cpp.obj)" oder an "" gefunden; Objekt wird verknüpft, als ob keine Debuginformationen vorhanden wären.
sfml-system-s-d.lib(Err.cpp.obj) : warning LNK4099: PDB "" wurde nicht mit "sfml-system-s-d.lib(Err.cpp.obj)" oder an "" gefunden; Objekt wird verknüpft, als ob keine Debuginformationen vorhanden wären.
sfml-system-s-d.lib(Mutex.cpp.obj) : warning LNK4099: PDB "" wurde nicht mit "sfml-system-s-d.lib(Mutex.cpp.obj)" oder an "" gefunden; Objekt wird verknüpft, als ob keine Debuginformationen vorhanden wären.
sfml-system-s-d.lib(Lock.cpp.obj) : warning LNK4099: PDB "" wurde nicht mit "sfml-system-s-d.lib(Lock.cpp.obj)" oder an "" gefunden; Objekt wird verknüpft, als ob keine Debuginformationen vorhanden wären.
sfml-system-s-d.lib(Time.cpp.obj) : warning LNK4099: PDB "" wurde nicht mit "sfml-system-s-d.lib(Time.cpp.obj)" oder an "" gefunden; Objekt wird verknüpft, als ob keine Debuginformationen vorhanden wären.
sfml-system-s-d.lib(Clock.cpp.obj) : warning LNK4099: PDB "" wurde nicht mit "sfml-system-s-d.lib(Clock.cpp.obj)" oder an "" gefunden; Objekt wird verknüpft, als ob keine Debuginformationen vorhanden wären.
sfml-system-s-d.lib(Sleep.cpp.obj) : warning LNK4099: PDB "" wurde nicht mit "sfml-system-s-d.lib(Sleep.cpp.obj)" oder an "" gefunden; Objekt wird verknüpft, als ob keine Debuginformationen vorhanden wären.
sfml-system-s-d.lib(ThreadLocal.cpp.obj) : warning LNK4099: PDB "" wurde nicht mit "sfml-system-s-d.lib(ThreadLocal.cpp.obj)" oder an "" gefunden; Objekt wird verknüpft, als ob keine Debuginformationen vorhanden wären.
sfml-system-s-d.lib(MutexImpl.cpp.obj) : warning LNK4099: PDB "" wurde nicht mit "sfml-system-s-d.lib(MutexImpl.cpp.obj)" oder an "" gefunden; Objekt wird verknüpft, als ob keine Debuginformationen vorhanden wären.
sfml-system-s-d.lib(ClockImpl.cpp.obj) : warning LNK4099: PDB "" wurde nicht mit "sfml-system-s-d.lib(ClockImpl.cpp.obj)" oder an "" gefunden; Objekt wird verknüpft, als ob keine Debuginformationen vorhanden wären.
sfml-system-s-d.lib(SleepImpl.cpp.obj) : warning LNK4099: PDB "" wurde nicht mit "sfml-system-s-d.lib(SleepImpl.cpp.obj)" oder an "" gefunden; Objekt wird verknüpft, als ob keine Debuginformationen vorhanden wären.
sfml-system-s-d.lib(ThreadLocalImpl.cpp.obj) : warning LNK4099: PDB "" wurde nicht mit "sfml-system-s-d.lib(ThreadLocalImpl.cpp.obj)" oder an "" gefunden; Objekt wird verknüpft, als ob keine Debuginformationen vorhanden wären.
  SetPlot.vcxproj -> C:\Users\siyur\source\repos\Cpp-HWR\x64\Debug\SetPlot.exe
